<?xml version="1.0" encoding="UTF-8" ?>
<testsuite tests="7" failures="0" name="uwallet.uWalletDatabaseTest" time="0.34" errors="0" skipped="0">
  <properties>
[...]
</properties>
  <testcase classname="uwallet.uWalletDatabaseTest" name="uwallet.uWalletDatabaseTest.testSimpleRetrievalOfOneTransaction" time="0.094"/>
  <testcase classname="uwallet.uWalletDatabaseTest" name="uwallet.uWalletDatabaseTest.testRetrievalOfWithdrawalTransaction" time="0.02"/>
  <testcase classname="uwallet.uWalletDatabaseTest" name="uwallet.uWalletDatabaseTest.testInsertionOfTwoAccountsAndRetrieval" time="0.029"/>
  <testcase classname="uwallet.uWalletDatabaseTest" name="uwallet.uWalletDatabaseTest.testInsertingAndFetchingATransactionWithHighDegreeOfAccuracyRequired" time="0.069"/>
  <testcase classname="uwallet.uWalletDatabaseTest" name="uwallet.uWalletDatabaseTest.testInsertingAccountWithHighDegreeOfAccuracyRequired" time="0.06"/>
  <testcase classname="uwallet.uWalletDatabaseTest" name="uwallet.uWalletDatabaseTest.testRetrievalOfDepositTransaction" time="0.034"/>
  <testcase classname="uwallet.uWalletDatabaseTest" name="uwallet.uWalletDatabaseTest.testUpdatingAnAccountAlreadyInDB" time="0.034"/>
</testsuite>